<?xml version="1.0" encoding="UTF-8"?>
<!-- Generated by org.testng.reporters.JUnitReportReporter -->
<testsuite hostname="DESKTOP-VB21DVG" name="Runner.SmokeRunner" tests="1" failures="0" timestamp="15 Jul 2019 14:19:49 GMT" time="81.014" errors="0">
  <testcase name="SmokeTest" time="81.014" classname="Runner.SmokeRunner"/>
</testsuite> <!-- Runner.SmokeRunner -->
