<?xml version="1.0" encoding="UTF-8"?>
<!-- Generated by org.testng.reporters.JUnitReportReporter -->
<testsuite skipped="0" hostname="DESKTOP-VB21DVG" name="Runner.MasterRunner" tests="1" failures="0" timestamp="2019-09-10T14:34:24 IST" time="6.350" errors="0">
  <testcase name="Login" time="6.350" classname="Runner.MasterRunner"/>
</testsuite> <!-- Runner.MasterRunner -->
